<?xml version="1.0" encoding="UTF-8"?>
<Site BuildName="Win32-MSBuild"
	BuildStamp="20200919-0400-Nightly"
	Name="DESKTOP-7C0S4RF"
	Generator="ctest-3.18.1"
	CompilerName="C:/Program Files (x86)/Microsoft Visual Studio/2019/Community/VC/Tools/MSVC/14.27.29110/bin/Hostx64/x64/cl.exe"
	CompilerVersion="19.27.29110.0"
	OSName="Windows"
	Hostname="DESKTOP-7C0S4RF"
	OSRelease=" Personal"
	OSVersion=" (Build 18362)"
	OSPlatform="AMD64"
	Is64Bits="1"
	VendorString="GenuineIntel"
	VendorID="Intel Corporation"
	FamilyID="6"
	ModelID="14"
	ProcessorCacheSize="-1"
	NumberOfLogicalCPU="8"
	NumberOfPhysicalCPU="4"
	TotalVirtualMemory="17626"
	TotalPhysicalMemory="8037"
	LogicalProcessorsPerPhysical="2"
	ProcessorClockFrequency="2400"
	>
	<Build>
		<StartDateTime>Sep 19 14:54 Eastern Daylight Time</StartDateTime>
		<StartBuildTime>1600541690</StartBuildTime>
		<BuildCommand>F:\Homework\Physics\KisleyLab\cmake-3.18.1-win64-x64\bin\cmake.exe --build . --config "Debug"</BuildCommand>
		<Error>
			<BuildLogLine>38</BuildLogLine>
			<Text>C:\Program Files (x86)\Microsoft Visual Studio\2019\Community\MSBuild\Microsoft\VC\v160\Microsoft.CppCommon.targets(234,5): error MSB6006: "cmd.exe" exited with code 1. [F:\Homework\Physics\KisleyLab\BUILD\gpufit\Gpufit\python\PYTHON_PACKAGE.vcxproj]</Text>
			<PreContext>  cuda_gaussjordan.cu
  Gpufit.vcxproj -&gt; F:\Homework\Physics\KisleyLab\BUILD\gpufit\Debug\Gpufit.dll
  Building Custom Rule /.../fcsSOFI_SourceCode_NamVo_20202408/Gpufit/matlab/CMakeLists.txt
  GpufitCudaAvailableMex.vcxproj -&gt; F:\Homework\Physics\KisleyLab\BUILD\gpufit\Debug\GpufitCudaAvailableMex.mexw64
  GpufitMex.vcxproj -&gt; F:\Homework\Physics\KisleyLab\BUILD\gpufit\Debug\GpufitMex.mexw64
  Creating Gpufit Matlab package
  Cpufit.vcxproj -&gt; F:\Homework\Physics\KisleyLab\BUILD\gpufit\Debug\Cpufit.dll
  CpufitMex.vcxproj -&gt; F:\Homework\Physics\KisleyLab\BUILD\gpufit\Debug\CpufitMex.mexw64
  Adding Cpufit to Matlab package
  Error removing directory "/.../BUILD/gpufit/Debug/pyGpufit".
</PreContext>
			<PostContext></PostContext>
			<RepeatCount>0</RepeatCount>
		</Error>
		<Warning>
			<BuildLogLine>1</BuildLogLine>
			<Text>*** WARNING non-zero return value in ctest from: F:\Homework\Physics\KisleyLab\cmake-3.18.1-win64-x64\bin\cmake.exe</Text>
			<PreContext></PreContext>
			<PostContext></PostContext>
			<RepeatCount>0</RepeatCount>
		</Warning>
		<Log Encoding="base64" Compression="bin/gzip"/>
		<EndDateTime>Sep 19 14:56 Eastern Daylight Time</EndDateTime>
		<EndBuildTime>1600541797</EndBuildTime>
		<ElapsedMinutes>1</ElapsedMinutes>
	</Build>
</Site>
