<?xml version="1.0" encoding="UTF-8"?>
<Site BuildName="Win32-MSBuild"
	BuildStamp="20200919-0400-Nightly"
	Name="DESKTOP-7C0S4RF"
	Generator="ctest-3.18.1"
	CompilerName="C:/Program Files (x86)/Microsoft Visual Studio/2019/Community/VC/Tools/MSVC/14.27.29110/bin/Hostx64/x64/cl.exe"
	CompilerVersion="19.27.29110.0"
	OSName="Windows"
	Hostname="DESKTOP-7C0S4RF"
	OSRelease=" Personal"
	OSVersion=" (Build 18362)"
	OSPlatform="AMD64"
	Is64Bits="1"
	VendorString="GenuineIntel"
	VendorID="Intel Corporation"
	FamilyID="6"
	ModelID="14"
	ProcessorCacheSize="-1"
	NumberOfLogicalCPU="8"
	NumberOfPhysicalCPU="4"
	TotalVirtualMemory="17626"
	TotalPhysicalMemory="8037"
	LogicalProcessorsPerPhysical="2"
	ProcessorClockFrequency="2400"
	>
	<Testing>
		<StartDateTime>Sep 19 14:55 Eastern Daylight Time</StartDateTime>
		<StartTestTime>1600541718</StartTestTime>
		<TestList/>
		<EndDateTime>Sep 19 14:55 Eastern Daylight Time</EndDateTime>
		<EndTestTime>1600541718</EndTestTime>
		<ElapsedMinutes>0</ElapsedMinutes>
	</Testing>
</Site>
